2017-01-10 20:36:11,027: Adding [systemProperties] PropertySource with lowest search precedence
2017-01-10 20:36:11,044: Adding [systemEnvironment] PropertySource with lowest search precedence
2017-01-10 20:36:11,044: Initialized StandardEnvironment with PropertySources [systemProperties,systemEnvironment]
2017-01-10 20:36:11,050: Refreshing org.springframework.context.support.ClassPathXmlApplicationContext@45f622fa: startup date [Tue Jan 10 20:36:11 CST 2017]; root of context hierarchy
2017-01-10 20:36:11,115: Adding [systemProperties] PropertySource with lowest search precedence
2017-01-10 20:36:11,115: Adding [systemEnvironment] PropertySource with lowest search precedence
2017-01-10 20:36:11,115: Initialized StandardEnvironment with PropertySources [systemProperties,systemEnvironment]
2017-01-10 20:36:11,131: Loading XML bean definitions from class path resource [spring.xml]
2017-01-10 20:36:11,151: Using JAXP provider [com.sun.org.apache.xerces.internal.jaxp.DocumentBuilderFactoryImpl]
2017-01-10 20:36:11,190: Loading schema mappings from [META-INF/spring.schemas]
2017-01-10 20:36:11,194: Loaded schema mappings: {http://www.springframework.org/schema/util/spring-util.xsd=org/springframework/beans/factory/xml/spring-util-3.2.xsd, http://www.springframework.org/schema/jee/spring-jee-3.2.xsd=org/springframework/ejb/config/spring-jee-3.2.xsd, http://www.springframework.org/schema/task/spring-task.xsd=org/springframework/scheduling/config/spring-task-3.2.xsd, http://www.springframework.org/schema/beans/spring-beans-3.1.xsd=org/springframework/beans/factory/xml/spring-beans-3.1.xsd, http://www.springframework.org/schema/cache/spring-cache.xsd=org/springframework/cache/config/spring-cache-3.2.xsd, http://www.springframework.org/schema/aop/spring-aop-3.0.xsd=org/springframework/aop/config/spring-aop-3.0.xsd, http://www.springframework.org/schema/task/spring-task-3.1.xsd=org/springframework/scheduling/config/spring-task-3.1.xsd, http://www.springframework.org/schema/aop/spring-aop-2.0.xsd=org/springframework/aop/config/spring-aop-2.0.xsd, http://www.springframework.org/schema/tool/spring-tool-2.5.xsd=org/springframework/beans/factory/xml/spring-tool-2.5.xsd, http://www.springframework.org/schema/beans/spring-beans.xsd=org/springframework/beans/factory/xml/spring-beans-3.2.xsd, http://www.springframework.org/schema/jee/spring-jee-2.5.xsd=org/springframework/ejb/config/spring-jee-2.5.xsd, http://www.springframework.org/schema/tool/spring-tool-3.1.xsd=org/springframework/beans/factory/xml/spring-tool-3.1.xsd, http://www.springframework.org/schema/jee/spring-jee-3.1.xsd=org/springframework/ejb/config/spring-jee-3.1.xsd, http://www.springframework.org/schema/aop/spring-aop.xsd=org/springframework/aop/config/spring-aop-3.2.xsd, http://www.springframework.org/schema/context/spring-context-3.2.xsd=org/springframework/context/config/spring-context-3.2.xsd, http://www.springframework.org/schema/beans/spring-beans-2.0.xsd=org/springframework/beans/factory/xml/spring-beans-2.0.xsd, http://www.springframework.org/schema/util/spring-util-3.2.xsd=org/springframework/beans/factory/xml/spring-util-3.2.xsd, http://www.springframework.org/schema/lang/spring-lang-3.2.xsd=org/springframework/scripting/config/spring-lang-3.2.xsd, http://www.springframework.org/schema/beans/spring-beans-3.0.xsd=org/springframework/beans/factory/xml/spring-beans-3.0.xsd, http://www.springframework.org/schema/cache/spring-cache-3.2.xsd=org/springframework/cache/config/spring-cache-3.2.xsd, http://www.springframework.org/schema/task/spring-task-3.0.xsd=org/springframework/scheduling/config/spring-task-3.0.xsd, http://www.springframework.org/schema/context/spring-context-2.5.xsd=org/springframework/context/config/spring-context-2.5.xsd, http://www.springframework.org/schema/tool/spring-tool-3.0.xsd=org/springframework/beans/factory/xml/spring-tool-3.0.xsd, http://www.springframework.org/schema/lang/spring-lang.xsd=org/springframework/scripting/config/spring-lang-3.2.xsd, http://www.springframework.org/schema/tool/spring-tool-2.0.xsd=org/springframework/beans/factory/xml/spring-tool-2.0.xsd, http://www.springframework.org/schema/util/spring-util-2.5.xsd=org/springframework/beans/factory/xml/spring-util-2.5.xsd, http://www.springframework.org/schema/lang/spring-lang-2.5.xsd=org/springframework/scripting/config/spring-lang-2.5.xsd, http://www.springframework.org/schema/aop/spring-aop-3.2.xsd=org/springframework/aop/config/spring-aop-3.2.xsd, http://www.springframework.org/schema/jee/spring-jee-3.0.xsd=org/springframework/ejb/config/spring-jee-3.0.xsd, http://www.springframework.org/schema/jee/spring-jee-2.0.xsd=org/springframework/ejb/config/spring-jee-2.0.xsd, http://www.springframework.org/schema/context/spring-context-3.1.xsd=org/springframework/context/config/spring-context-3.1.xsd, http://www.springframework.org/schema/util/spring-util-3.1.xsd=org/springframework/beans/factory/xml/spring-util-3.1.xsd, http://www.springframework.org/schema/lang/spring-lang-3.1.xsd=org/springframework/scripting/config/spring-lang-3.1.xsd, http://www.springframework.org/schema/cache/spring-cache-3.1.xsd=org/springframework/cache/config/spring-cache-3.1.xsd, http://www.springframework.org/schema/context/spring-context.xsd=org/springframework/context/config/spring-context-3.2.xsd, http://www.springframework.org/schema/jee/spring-jee.xsd=org/springframework/ejb/config/spring-jee-3.2.xsd, http://www.springframework.org/schema/aop/spring-aop-2.5.xsd=org/springframework/aop/config/spring-aop-2.5.xsd, http://www.springframework.org/schema/beans/spring-beans-3.2.xsd=org/springframework/beans/factory/xml/spring-beans-3.2.xsd, http://www.springframework.org/schema/aop/spring-aop-3.1.xsd=org/springframework/aop/config/spring-aop-3.1.xsd, http://www.springframework.org/schema/task/spring-task-3.2.xsd=org/springframework/scheduling/config/spring-task-3.2.xsd, http://www.springframework.org/schema/context/spring-context-3.0.xsd=org/springframework/context/config/spring-context-3.0.xsd, http://www.springframework.org/schema/tool/spring-tool.xsd=org/springframework/beans/factory/xml/spring-tool-3.2.xsd, http://www.springframework.org/schema/util/spring-util-3.0.xsd=org/springframework/beans/factory/xml/spring-util-3.0.xsd, http://www.springframework.org/schema/lang/spring-lang-3.0.xsd=org/springframework/scripting/config/spring-lang-3.0.xsd, http://www.springframework.org/schema/util/spring-util-2.0.xsd=org/springframework/beans/factory/xml/spring-util-2.0.xsd, http://www.springframework.org/schema/lang/spring-lang-2.0.xsd=org/springframework/scripting/config/spring-lang-2.0.xsd, http://www.springframework.org/schema/tool/spring-tool-3.2.xsd=org/springframework/beans/factory/xml/spring-tool-3.2.xsd, http://www.springframework.org/schema/beans/spring-beans-2.5.xsd=org/springframework/beans/factory/xml/spring-beans-2.5.xsd}
2017-01-10 20:36:11,197: Found XML schema [http://www.springframework.org/schema/beans/spring-beans-3.0.xsd] in classpath: org/springframework/beans/factory/xml/spring-beans-3.0.xsd
2017-01-10 20:36:11,354: Found XML schema [http://www.springframework.org/schema/aop/spring-aop.xsd] in classpath: org/springframework/aop/config/spring-aop-3.2.xsd
2017-01-10 20:36:11,372: Found XML schema [http://www.springframework.org/schema/tool/spring-tool-3.2.xsd] in classpath: org/springframework/beans/factory/xml/spring-tool-3.2.xsd
2017-01-10 20:36:11,387: Found XML schema [http://www.springframework.org/schema/context/spring-context-3.0.xsd] in classpath: org/springframework/context/config/spring-context-3.0.xsd
2017-01-10 20:36:11,409: Loading bean definitions
2017-01-10 20:36:11,423: Loaded NamespaceHandler mappings: {http://www.springframework.org/schema/p=org.springframework.beans.factory.xml.SimplePropertyNamespaceHandler, http://www.springframework.org/schema/util=org.springframework.beans.factory.xml.UtilNamespaceHandler, http://www.springframework.org/schema/jee=org.springframework.ejb.config.JeeNamespaceHandler, http://www.springframework.org/schema/aop=org.springframework.aop.config.AopNamespaceHandler, http://www.springframework.org/schema/cache=org.springframework.cache.config.CacheNamespaceHandler, http://www.springframework.org/schema/c=org.springframework.beans.factory.xml.SimpleConstructorNamespaceHandler, http://www.springframework.org/schema/task=org.springframework.scheduling.config.TaskNamespaceHandler, http://www.springframework.org/schema/lang=org.springframework.scripting.config.LangNamespaceHandler, http://www.springframework.org/schema/context=org.springframework.context.config.ContextNamespaceHandler}
2017-01-10 20:36:11,464: Adding [systemProperties] PropertySource with lowest search precedence
2017-01-10 20:36:11,465: Adding [systemEnvironment] PropertySource with lowest search precedence
2017-01-10 20:36:11,465: Initialized StandardEnvironment with PropertySources [systemProperties,systemEnvironment]
2017-01-10 20:36:11,500: Looking for matching resources in directory tree [/Users/Fuzhong.Yan/Fuzhong.Yan/github/azproject/common-util/target/test-classes/common/framework]
2017-01-10 20:36:11,500: Searching directory [/Users/Fuzhong.Yan/Fuzhong.Yan/github/azproject/common-util/target/test-classes/common/framework] for files matching pattern [/Users/Fuzhong.Yan/Fuzhong.Yan/github/azproject/common-util/target/test-classes/common/framework/**/*.class]
2017-01-10 20:36:11,503: Searching directory [/Users/Fuzhong.Yan/Fuzhong.Yan/github/azproject/common-util/target/test-classes/common/framework/annotation] for files matching pattern [/Users/Fuzhong.Yan/Fuzhong.Yan/github/azproject/common-util/target/test-classes/common/framework/**/*.class]
2017-01-10 20:36:11,508: Looking for matching resources in directory tree [/Users/Fuzhong.Yan/Fuzhong.Yan/github/azproject/common-util/target/classes/common/framework]
2017-01-10 20:36:11,509: Searching directory [/Users/Fuzhong.Yan/Fuzhong.Yan/github/azproject/common-util/target/classes/common/framework] for files matching pattern [/Users/Fuzhong.Yan/Fuzhong.Yan/github/azproject/common-util/target/classes/common/framework/**/*.class]
2017-01-10 20:36:11,510: Searching directory [/Users/Fuzhong.Yan/Fuzhong.Yan/github/azproject/common-util/target/classes/common/framework/abstracted] for files matching pattern [/Users/Fuzhong.Yan/Fuzhong.Yan/github/azproject/common-util/target/classes/common/framework/**/*.class]
2017-01-10 20:36:11,511: Searching directory [/Users/Fuzhong.Yan/Fuzhong.Yan/github/azproject/common-util/target/classes/common/framework/annotation] for files matching pattern [/Users/Fuzhong.Yan/Fuzhong.Yan/github/azproject/common-util/target/classes/common/framework/**/*.class]
2017-01-10 20:36:11,512: Searching directory [/Users/Fuzhong.Yan/Fuzhong.Yan/github/azproject/common-util/target/classes/common/framework/bean] for files matching pattern [/Users/Fuzhong.Yan/Fuzhong.Yan/github/azproject/common-util/target/classes/common/framework/**/*.class]
2017-01-10 20:36:11,514: Searching directory [/Users/Fuzhong.Yan/Fuzhong.Yan/github/azproject/common-util/target/classes/common/framework/enumed] for files matching pattern [/Users/Fuzhong.Yan/Fuzhong.Yan/github/azproject/common-util/target/classes/common/framework/**/*.class]
2017-01-10 20:36:11,515: Searching directory [/Users/Fuzhong.Yan/Fuzhong.Yan/github/azproject/common-util/target/classes/common/framework/exception] for files matching pattern [/Users/Fuzhong.Yan/Fuzhong.Yan/github/azproject/common-util/target/classes/common/framework/**/*.class]
2017-01-10 20:36:11,516: Searching directory [/Users/Fuzhong.Yan/Fuzhong.Yan/github/azproject/common-util/target/classes/common/framework/interfaces] for files matching pattern [/Users/Fuzhong.Yan/Fuzhong.Yan/github/azproject/common-util/target/classes/common/framework/**/*.class]
2017-01-10 20:36:11,516: Searching directory [/Users/Fuzhong.Yan/Fuzhong.Yan/github/azproject/common-util/target/classes/common/framework/security] for files matching pattern [/Users/Fuzhong.Yan/Fuzhong.Yan/github/azproject/common-util/target/classes/common/framework/**/*.class]
2017-01-10 20:36:11,518: Searching directory [/Users/Fuzhong.Yan/Fuzhong.Yan/github/azproject/common-util/target/classes/common/framework/service] for files matching pattern [/Users/Fuzhong.Yan/Fuzhong.Yan/github/azproject/common-util/target/classes/common/framework/**/*.class]
2017-01-10 20:36:11,520: Searching directory [/Users/Fuzhong.Yan/Fuzhong.Yan/github/azproject/common-util/target/classes/common/framework/util] for files matching pattern [/Users/Fuzhong.Yan/Fuzhong.Yan/github/azproject/common-util/target/classes/common/framework/**/*.class]
2017-01-10 20:36:11,524: Resolved location pattern [classpath*:common/framework/**/*.class] to resources [file [/Users/Fuzhong.Yan/Fuzhong.Yan/github/azproject/common-util/target/test-classes/common/framework/annotation/MemberService_Test.class], file [/Users/Fuzhong.Yan/Fuzhong.Yan/github/azproject/common-util/target/classes/common/framework/abstracted/AZ_AnnotationAspectLog.class], file [/Users/Fuzhong.Yan/Fuzhong.Yan/github/azproject/common-util/target/classes/common/framework/abstracted/AZ_Aspect.class], file [/Users/Fuzhong.Yan/Fuzhong.Yan/github/azproject/common-util/target/classes/common/framework/annotation/AZ_LogMethod.class], file [/Users/Fuzhong.Yan/Fuzhong.Yan/github/azproject/common-util/target/classes/common/framework/bean/AS_AspectBean.class], file [/Users/Fuzhong.Yan/Fuzhong.Yan/github/azproject/common-util/target/classes/common/framework/bean/AZ_ResultEntity.class], file [/Users/Fuzhong.Yan/Fuzhong.Yan/github/azproject/common-util/target/classes/common/framework/enumed/AZ_LogType.class], file [/Users/Fuzhong.Yan/Fuzhong.Yan/github/azproject/common-util/target/classes/common/framework/exception/AZ_BusinessException.class], file [/Users/Fuzhong.Yan/Fuzhong.Yan/github/azproject/common-util/target/classes/common/framework/interfaces/BeanCopy.class], file [/Users/Fuzhong.Yan/Fuzhong.Yan/github/azproject/common-util/target/classes/common/framework/interfaces/Log.class], file [/Users/Fuzhong.Yan/Fuzhong.Yan/github/azproject/common-util/target/classes/common/framework/interfaces/MessageSummary.class], file [/Users/Fuzhong.Yan/Fuzhong.Yan/github/azproject/common-util/target/classes/common/framework/security/AESUtil.class], file [/Users/Fuzhong.Yan/Fuzhong.Yan/github/azproject/common-util/target/classes/common/framework/security/Base64Util.class], file [/Users/Fuzhong.Yan/Fuzhong.Yan/github/azproject/common-util/target/classes/common/framework/security/DESUtil.class], file [/Users/Fuzhong.Yan/Fuzhong.Yan/github/azproject/common-util/target/classes/common/framework/security/MD5Util.class], file [/Users/Fuzhong.Yan/Fuzhong.Yan/github/azproject/common-util/target/classes/common/framework/security/RSAUtil.class], file [/Users/Fuzhong.Yan/Fuzhong.Yan/github/azproject/common-util/target/classes/common/framework/security/SecurityCoder.class], file [/Users/Fuzhong.Yan/Fuzhong.Yan/github/azproject/common-util/target/classes/common/framework/service/AZ_AspectLog.class], file [/Users/Fuzhong.Yan/Fuzhong.Yan/github/azproject/common-util/target/classes/common/framework/service/AZ_ENV.class], file [/Users/Fuzhong.Yan/Fuzhong.Yan/github/azproject/common-util/target/classes/common/framework/service/AZ_Log4j.class], file [/Users/Fuzhong.Yan/Fuzhong.Yan/github/azproject/common-util/target/classes/common/framework/service/AZ_Log4jService.class], file [/Users/Fuzhong.Yan/Fuzhong.Yan/github/azproject/common-util/target/classes/common/framework/service/AZ_LogFactory$1.class], file [/Users/Fuzhong.Yan/Fuzhong.Yan/github/azproject/common-util/target/classes/common/framework/service/AZ_LogFactory.class], file [/Users/Fuzhong.Yan/Fuzhong.Yan/github/azproject/common-util/target/classes/common/framework/util/ByteUtils.class], file [/Users/Fuzhong.Yan/Fuzhong.Yan/github/azproject/common-util/target/classes/common/framework/util/IOUtils.class], file [/Users/Fuzhong.Yan/Fuzhong.Yan/github/azproject/common-util/target/classes/common/framework/util/JsonUtil.class], file [/Users/Fuzhong.Yan/Fuzhong.Yan/github/azproject/common-util/target/classes/common/framework/util/ListUtils.class], file [/Users/Fuzhong.Yan/Fuzhong.Yan/github/azproject/common-util/target/classes/common/framework/util/ObjectUtils.class], file [/Users/Fuzhong.Yan/Fuzhong.Yan/github/azproject/common-util/target/classes/common/framework/util/StringUtils.class]]
2017-01-10 20:36:11,637: Identified candidate component class: file [/Users/Fuzhong.Yan/Fuzhong.Yan/github/azproject/common-util/target/classes/common/framework/service/AZ_Log4jService.class]
2017-01-10 20:36:11,675: Loaded 6 bean definitions from location pattern [classpath:spring.xml]
2017-01-10 20:36:11,675: Bean factory for org.springframework.context.support.ClassPathXmlApplicationContext@45f622fa: org.springframework.beans.factory.support.DefaultListableBeanFactory@4f61eb97: defining beans [org.springframework.aop.config.internalAutoProxyCreator,AZ_Log4jService,org.springframework.context.annotation.internalConfigurationAnnotationProcessor,org.springframework.context.annotation.internalAutowiredAnnotationProcessor,org.springframework.context.annotation.internalRequiredAnnotationProcessor,org.springframework.context.annotation.internalCommonAnnotationProcessor]; root of factory hierarchy
2017-01-10 20:36:11,705: Creating shared instance of singleton bean 'org.springframework.context.annotation.internalConfigurationAnnotationProcessor'
2017-01-10 20:36:11,706: Creating instance of bean 'org.springframework.context.annotation.internalConfigurationAnnotationProcessor'
2017-01-10 20:36:11,738: Eagerly caching bean 'org.springframework.context.annotation.internalConfigurationAnnotationProcessor' to allow for resolving potential circular references
2017-01-10 20:36:11,744: Finished creating instance of bean 'org.springframework.context.annotation.internalConfigurationAnnotationProcessor'
2017-01-10 20:36:11,795: Creating shared instance of singleton bean 'org.springframework.context.annotation.internalAutowiredAnnotationProcessor'
2017-01-10 20:36:11,795: Creating instance of bean 'org.springframework.context.annotation.internalAutowiredAnnotationProcessor'
2017-01-10 20:36:11,798: Eagerly caching bean 'org.springframework.context.annotation.internalAutowiredAnnotationProcessor' to allow for resolving potential circular references
2017-01-10 20:36:11,798: Finished creating instance of bean 'org.springframework.context.annotation.internalAutowiredAnnotationProcessor'
2017-01-10 20:36:11,799: Creating shared instance of singleton bean 'org.springframework.context.annotation.internalRequiredAnnotationProcessor'
2017-01-10 20:36:11,799: Creating instance of bean 'org.springframework.context.annotation.internalRequiredAnnotationProcessor'
2017-01-10 20:36:11,800: Eagerly caching bean 'org.springframework.context.annotation.internalRequiredAnnotationProcessor' to allow for resolving potential circular references
2017-01-10 20:36:11,800: Finished creating instance of bean 'org.springframework.context.annotation.internalRequiredAnnotationProcessor'
2017-01-10 20:36:11,800: Creating shared instance of singleton bean 'org.springframework.context.annotation.internalCommonAnnotationProcessor'
2017-01-10 20:36:11,800: Creating instance of bean 'org.springframework.context.annotation.internalCommonAnnotationProcessor'
2017-01-10 20:36:11,808: Eagerly caching bean 'org.springframework.context.annotation.internalCommonAnnotationProcessor' to allow for resolving potential circular references
2017-01-10 20:36:11,808: Finished creating instance of bean 'org.springframework.context.annotation.internalCommonAnnotationProcessor'
2017-01-10 20:36:11,808: Creating shared instance of singleton bean 'org.springframework.context.annotation.ConfigurationClassPostProcessor.importAwareProcessor'
2017-01-10 20:36:11,809: Creating instance of bean 'org.springframework.context.annotation.ConfigurationClassPostProcessor.importAwareProcessor'
2017-01-10 20:36:11,809: Eagerly caching bean 'org.springframework.context.annotation.ConfigurationClassPostProcessor.importAwareProcessor' to allow for resolving potential circular references
2017-01-10 20:36:11,809: Finished creating instance of bean 'org.springframework.context.annotation.ConfigurationClassPostProcessor.importAwareProcessor'
2017-01-10 20:36:11,810: Creating shared instance of singleton bean 'org.springframework.aop.config.internalAutoProxyCreator'
2017-01-10 20:36:11,811: Creating instance of bean 'org.springframework.aop.config.internalAutoProxyCreator'
2017-01-10 20:36:11,853: Eagerly caching bean 'org.springframework.aop.config.internalAutoProxyCreator' to allow for resolving potential circular references
2017-01-10 20:36:11,906: Finished creating instance of bean 'org.springframework.aop.config.internalAutoProxyCreator'
2017-01-10 20:36:11,915: Unable to locate MessageSource with name 'messageSource': using default [org.springframework.context.support.DelegatingMessageSource@4b027d71]
2017-01-10 20:36:11,922: Unable to locate ApplicationEventMulticaster with name 'applicationEventMulticaster': using default [org.springframework.context.event.SimpleApplicationEventMulticaster@27736f80]
2017-01-10 20:36:11,924: Pre-instantiating singletons in org.springframework.beans.factory.support.DefaultListableBeanFactory@4f61eb97: defining beans [org.springframework.aop.config.internalAutoProxyCreator,AZ_Log4jService,org.springframework.context.annotation.internalConfigurationAnnotationProcessor,org.springframework.context.annotation.internalAutowiredAnnotationProcessor,org.springframework.context.annotation.internalRequiredAnnotationProcessor,org.springframework.context.annotation.internalCommonAnnotationProcessor,org.springframework.context.annotation.ConfigurationClassPostProcessor.importAwareProcessor]; root of factory hierarchy
2017-01-10 20:36:11,926: Returning cached instance of singleton bean 'org.springframework.aop.config.internalAutoProxyCreator'
2017-01-10 20:36:11,927: Creating shared instance of singleton bean 'AZ_Log4jService'
2017-01-10 20:36:11,927: Creating instance of bean 'AZ_Log4jService'
2017-01-10 20:36:11,934: Eagerly caching bean 'AZ_Log4jService' to allow for resolving potential circular references
2017-01-10 20:36:11,961: Finished creating instance of bean 'AZ_Log4jService'
2017-01-10 20:36:11,961: Returning cached instance of singleton bean 'org.springframework.context.annotation.internalConfigurationAnnotationProcessor'
2017-01-10 20:36:11,962: Returning cached instance of singleton bean 'org.springframework.context.annotation.internalAutowiredAnnotationProcessor'
2017-01-10 20:36:11,962: Returning cached instance of singleton bean 'org.springframework.context.annotation.internalRequiredAnnotationProcessor'
2017-01-10 20:36:11,962: Returning cached instance of singleton bean 'org.springframework.context.annotation.internalCommonAnnotationProcessor'
2017-01-10 20:36:11,962: Returning cached instance of singleton bean 'org.springframework.context.annotation.ConfigurationClassPostProcessor.importAwareProcessor'
2017-01-10 20:36:11,968: Unable to locate LifecycleProcessor with name 'lifecycleProcessor': using default [org.springframework.context.support.DefaultLifecycleProcessor@87fd415]
2017-01-10 20:36:11,968: Returning cached instance of singleton bean 'lifecycleProcessor'
2017-01-10 20:36:11,976: Searching for key 'spring.liveBeansView.mbeanDomain' in [systemProperties]
2017-01-10 20:36:11,976: Searching for key 'spring.liveBeansView.mbeanDomain' in [systemEnvironment]
2017-01-10 20:36:11,977: Could not find key 'spring.liveBeansView.mbeanDomain' in any property source. Returning [null]
2017-01-10 20:36:18,379: 数据流的大小:1426M
2017-01-10 20:36:18,379: MD5值为:e86be31ba972d6e8ec91b8f2de27a3c2
2017-01-10 20:36:18,379: MD5耗时:6.355 s
