2017-01-19 23:19:53,098: Retrieving column information for table "member"
2017-01-19 23:19:53,114: Found column "id", data type 4, in table "azproject..member"
2017-01-19 23:19:53,114: Found column "acount", data type 12, in table "azproject..member"
2017-01-19 23:19:53,114: Found column "roleID", data type 4, in table "azproject..member"
2017-01-19 23:19:53,115: Found column "name", data type 12, in table "azproject..member"
2017-01-19 23:19:53,115: Found column "nickName", data type 12, in table "azproject..member"
2017-01-19 23:19:53,115: Found column "gender", data type 4, in table "azproject..member"
2017-01-19 23:19:53,116: Found column "birth", data type 93, in table "azproject..member"
2017-01-19 23:19:53,116: Found column "country", data type 12, in table "azproject..member"
2017-01-19 23:19:53,116: Found column "city", data type 12, in table "azproject..member"
2017-01-19 23:19:53,117: Found column "address", data type 12, in table "azproject..member"
2017-01-19 23:19:53,117: Found column "latitude", data type 8, in table "azproject..member"
2017-01-19 23:19:53,117: Found column "longitude", data type 8, in table "azproject..member"
2017-01-19 23:19:53,118: Found column "telephone", data type 12, in table "azproject..member"
2017-01-19 23:19:53,118: Found column "email", data type 12, in table "azproject..member"
2017-01-19 23:19:53,118: Found column "idcard", data type 12, in table "azproject..member"
2017-01-19 23:19:53,119: Found column "blog", data type 12, in table "azproject..member"
2017-01-19 23:19:53,120: Found column "is_lock", data type 4, in table "azproject..member"
2017-01-19 23:19:53,120: Found column "auditState", data type 4, in table "azproject..member"
2017-01-19 23:19:53,121: Found column "registTime", data type 93, in table "azproject..member"
2017-01-19 23:19:53,124: Found column "level", data type 4, in table "azproject..member"
2017-01-19 23:19:53,125: Found column "lastLoginTime", data type 93, in table "azproject..member"
2017-01-19 23:19:53,126: Found column "loginFailNumber", data type 4, in table "azproject..member"
2017-01-19 23:19:53,127: Found column "salt", data type 12, in table "azproject..member"
2017-01-19 23:19:53,127: Found column "password", data type 12, in table "azproject..member"
2017-01-19 23:19:53,128: Found column "introduce", data type 12, in table "azproject..member"
2017-01-19 23:19:53,128: Found column "remark", data type 12, in table "azproject..member"
2017-01-19 23:19:53,129: Found column "language", data type 12, in table "azproject..member"
2017-01-19 23:19:53,137: Retrieving column information for table "role"
2017-01-19 23:19:53,141: Found column "id", data type 4, in table "azproject..role"
2017-01-19 23:19:53,141: Found column "name", data type 12, in table "azproject..role"
2017-01-19 23:19:53,142: Found column "size", data type 4, in table "azproject..role"
2017-01-19 23:19:53,142: Found column "start_time", data type 93, in table "azproject..role"
2017-01-19 23:19:53,142: Found column "end_time", data type 93, in table "azproject..role"
2017-01-19 23:19:53,143: Found column "is_lock", data type 4, in table "azproject..role"
2017-01-19 23:19:53,143: Found column "sort", data type 4, in table "azproject..role"
2017-01-19 23:19:53,143: Found column "remark", data type 12, in table "azproject..role"
2017-01-19 23:19:53,158: Retrieving column information for table "menu"
2017-01-19 23:19:53,176: Found column "id", data type 4, in table "azproject..menu"
2017-01-19 23:19:53,176: Found column "parent_id", data type 4, in table "azproject..menu"
2017-01-19 23:19:53,177: Found column "name", data type 12, in table "azproject..menu"
2017-01-19 23:19:53,177: Found column "url", data type 12, in table "azproject..menu"
2017-01-19 23:19:53,177: Found column "icon", data type 12, in table "azproject..menu"
2017-01-19 23:19:53,178: Found column "is_open", data type 4, in table "azproject..menu"
2017-01-19 23:19:53,178: Found column "sort", data type 4, in table "azproject..menu"
2017-01-19 23:19:53,179: Found column "remark", data type 12, in table "azproject..menu"
2017-01-19 23:19:53,182: Retrieving column information for table "log"
2017-01-19 23:19:53,187: Found column "id", data type 4, in table "azproject..log"
2017-01-19 23:19:53,188: Found column "aspectCode", data type 12, in table "azproject..log"
2017-01-19 23:19:53,188: Found column "type", data type 4, in table "azproject..log"
2017-01-19 23:19:53,188: Found column "appName", data type 12, in table "azproject..log"
2017-01-19 23:19:53,189: Found column "appDes", data type 12, in table "azproject..log"
2017-01-19 23:19:53,189: Found column "method", data type 12, in table "azproject..log"
2017-01-19 23:19:53,189: Found column "args", data type 12, in table "azproject..log"
2017-01-19 23:19:53,189: Found column "result", data type 12, in table "azproject..log"
2017-01-19 23:19:53,190: Found column "time", data type 93, in table "azproject..log"
2017-01-19 23:19:53,190: Found column "remark", data type 12, in table "azproject..log"
2017-01-19 23:19:53,192: Retrieving column information for table "file"
2017-01-19 23:19:53,196: Found column "id", data type 4, in table "azproject..file"
2017-01-19 23:19:53,196: Found column "name", data type 12, in table "azproject..file"
2017-01-19 23:19:53,196: Found column "fileOriginalName", data type 12, in table "azproject..file"
2017-01-19 23:19:53,197: Found column "fileType", data type 12, in table "azproject..file"
2017-01-19 23:19:53,197: Found column "filePath", data type 12, in table "azproject..file"
2017-01-19 23:19:53,197: Found column "businessID", data type 12, in table "azproject..file"
2017-01-19 23:19:53,198: Found column "businessType", data type 5, in table "azproject..file"
2017-01-19 23:19:53,198: Found column "time", data type 93, in table "azproject..file"
2017-01-19 23:19:53,198: Found column "remark", data type 12, in table "azproject..file"
